agent: progressive_refine
architecture: progressive_refine
benchmarks: ['gsm8k', 'arc', 'drop']
n_samples: 50
---
Warning: You are sending unauthenticated requests to the HF Hub. Please set a HF_TOKEN to enable higher rate limits and faster downloads.
benchmark: gsm8k
score: 92.0
cost_usd: 0.0111
time_s: 26.5
correct: 46
total: 50
---
benchmark: arc
score: 88.0
cost_usd: 0.0059
time_s: 14.1
correct: 44
total: 50
---
benchmark: drop
score: 22.54
cost_usd: 0.0074
time_s: 28.5
correct: N/A
total: 50
---

=== SUMMARY ===
gsm8k: 92.0% ($0.0111, 26.5s)
arc: 88.0% ($0.0059, 14.1s)
drop: 22.54% ($0.0074, 28.5s)
